#! /c/iverilog/bin/vvp
:ivl_version "0.9.7 " "(v0_9_7)";
:vpi_time_precision + 0;
:vpi_module "system";
:vpi_module "v2005_math";
:vpi_module "va_math";
S_00FB8078 .scope module, "simfulladd" "simfulladd" 2 1;
 .timescale 0 0;
v01015380_0 .var "cin", 0 0;
v01014F08_0 .net "cout", 0 0, L_00FBEAB8; 1 drivers
v01014E00_0 .net "s", 0 0, L_00FBEA80; 1 drivers
v01015220_0 .var "x", 0 0;
v01014E58_0 .var "y", 0 0;
S_00FB8100 .scope module, "add" "FullAdderStructure" 2 17, 3 1, S_00FB8078;
 .timescale 0 0;
L_00FB9008 .functor AND 1, v01015220_0, v01014E58_0, C4<1>, C4<1>;
L_00FB45D8 .functor AND 1, v01014E58_0, v01015380_0, C4<1>, C4<1>;
L_00FF34A0 .functor AND 1, v01015380_0, v01015220_0, C4<1>, C4<1>;
L_00FF34D8 .functor OR 1, L_00FB9008, L_00FB45D8, C4<0>, C4<0>;
L_00FBEAB8 .functor OR 1, L_00FF34D8, L_00FF34A0, C4<0>, C4<0>;
L_00FBE9D8 .functor XOR 1, v01015220_0, v01014E58_0, C4<0>, C4<0>;
L_00FBEA80 .functor XOR 1, L_00FBE9D8, v01015380_0, C4<0>, C4<0>;
v00FB8F58_0 .net "cin", 0 0, v01015380_0; 1 drivers
v00FB8FB0_0 .alias "cout", 0 0, v01014F08_0;
v00FB4510_0 .alias "s", 0 0, v01014E00_0;
v01015328_0 .net "w1", 0 0, L_00FB9008; 1 drivers
v01015068_0 .net "w2", 0 0, L_00FB45D8; 1 drivers
v01014CF8_0 .net "w3", 0 0, L_00FF34A0; 1 drivers
v01014D50_0 .net "w4", 0 0, L_00FF34D8; 1 drivers
v01015118_0 .net "w5", 0 0, L_00FBE9D8; 1 drivers
v01014DA8_0 .net "x", 0 0, v01015220_0; 1 drivers
v01014FB8_0 .net "y", 0 0, v01014E58_0; 1 drivers
    .scope S_00FB8078;
T_0 ;
    %vpi_call 2 5 "$monitor", "%t In (x, y, cin) -> Out (s, cout): (%b, %b, %b) -> (%b, %b)", $time, v01015220_0, v01014E58_0, v01015380_0, v01014E00_0, v01014F08_0;
    %ix/load 0, 1, 0;
    %assign/v0 v01015220_0, 0, 0;
    %ix/load 0, 1, 0;
    %assign/v0 v01014E58_0, 0, 0;
    %ix/load 0, 1, 0;
    %assign/v0 v01015380_0, 0, 0;
    %delay 40, 0;
    %ix/load 0, 1, 0;
    %assign/v0 v01015220_0, 0, 0;
    %ix/load 0, 1, 0;
    %assign/v0 v01014E58_0, 0, 0;
    %ix/load 0, 1, 0;
    %assign/v0 v01015380_0, 0, 1;
    %delay 40, 0;
    %ix/load 0, 1, 0;
    %assign/v0 v01015220_0, 0, 0;
    %ix/load 0, 1, 0;
    %assign/v0 v01014E58_0, 0, 1;
    %ix/load 0, 1, 0;
    %assign/v0 v01015380_0, 0, 0;
    %delay 40, 0;
    %ix/load 0, 1, 0;
    %assign/v0 v01015220_0, 0, 0;
    %ix/load 0, 1, 0;
    %assign/v0 v01014E58_0, 0, 1;
    %ix/load 0, 1, 0;
    %assign/v0 v01015380_0, 0, 1;
    %delay 40, 0;
    %ix/load 0, 1, 0;
    %assign/v0 v01015220_0, 0, 1;
    %ix/load 0, 1, 0;
    %assign/v0 v01014E58_0, 0, 0;
    %ix/load 0, 1, 0;
    %assign/v0 v01015380_0, 0, 0;
    %delay 40, 0;
    %ix/load 0, 1, 0;
    %assign/v0 v01015220_0, 0, 1;
    %ix/load 0, 1, 0;
    %assign/v0 v01014E58_0, 0, 0;
    %ix/load 0, 1, 0;
    %assign/v0 v01015380_0, 0, 1;
    %delay 40, 0;
    %ix/load 0, 1, 0;
    %assign/v0 v01015220_0, 0, 1;
    %ix/load 0, 1, 0;
    %assign/v0 v01014E58_0, 0, 1;
    %ix/load 0, 1, 0;
    %assign/v0 v01015380_0, 0, 0;
    %delay 40, 0;
    %ix/load 0, 1, 0;
    %assign/v0 v01015220_0, 0, 1;
    %ix/load 0, 1, 0;
    %assign/v0 v01014E58_0, 0, 1;
    %ix/load 0, 1, 0;
    %assign/v0 v01015380_0, 0, 1;
    %delay 40, 0;
    %vpi_call 2 15 "$finish";
    %end;
    .thread T_0;
# The file index is used to find the file name in the following table.
:file_names 4;
    "N/A";
    "<interactive>";
    "simfulladd2.v";
    "FullAdderStructure.v";
