#! /c/iverilog/bin/vvp
:ivl_version "0.9.7 " "(v0_9_7)";
:vpi_time_precision + 0;
:vpi_module "system";
:vpi_module "v2005_math";
:vpi_module "va_math";
S_00914518 .scope module, "testcount4r2m" "testcount4r2m" 2 1;
 .timescale 0 0;
v0091E4C8_0 .var "ck", 0 0;
v0091E520_0 .net "out", 3 0, v00913758_0; 1 drivers
v0091E578_0 .var "res", 0 0;
S_009145A0 .scope module, "cnt" "count4r2m" 2 16, 3 1, S_00914518;
 .timescale 0 0;
v009136A8_0 .net "ck", 0 0, v0091E4C8_0; 1 drivers
v00913700_0 .alias "out", 3 0, v0091E520_0;
v00913758_0 .var "q", 3 0;
v0091E470_0 .net "res", 0 0, v0091E578_0; 1 drivers
E_00F82238/0 .event negedge, v0091E470_0;
E_00F82238/1 .event posedge, v009136A8_0;
E_00F82238 .event/or E_00F82238/0, E_00F82238/1;
    .scope S_009145A0;
T_0 ;
    %wait E_00F82238;
    %load/v 8, v0091E470_0, 1;
    %inv 8, 1;
    %jmp/0xz  T_0.0, 8;
    %movi 8, 1, 4;
    %ix/load 0, 4, 0;
    %assign/v0 v00913758_0, 0, 8;
    %jmp T_0.1;
T_0.0 ;
    %load/v 8, v00913758_0, 4;
    %muli 8, 2, 4;
    %ix/load 0, 4, 0;
    %assign/v0 v00913758_0, 0, 8;
T_0.1 ;
    %jmp T_0;
    .thread T_0;
    .scope S_00914518;
T_1 ;
    %vpi_call 2 5 "$monitor", "%t %b %b %b", $time, v0091E4C8_0, v0091E578_0, v0091E520_0;
    %ix/load 0, 1, 0;
    %assign/v0 v0091E4C8_0, 0, 0;
    %ix/load 0, 1, 0;
    %assign/v0 v0091E578_0, 0, 0;
    %delay 40, 0;
    %ix/load 0, 1, 0;
    %assign/v0 v0091E578_0, 0, 1;
    %delay 60, 0;
    %load/v 8, v0091E520_0, 4;
    %cmpi/u 8, 8, 4;
    %jmp/0xz  T_1.0, 4;
    %vpi_call 2 11 "$display", "OK\012";
T_1.0 ;
    %vpi_call 2 13 "$finish";
    %end;
    .thread T_1;
    .scope S_00914518;
T_2 ;
    %delay 10, 0;
    %load/v 8, v0091E4C8_0, 1;
    %inv 8, 1;
    %ix/load 0, 1, 0;
    %assign/v0 v0091E4C8_0, 0, 8;
    %jmp T_2;
    .thread T_2;
# The file index is used to find the file name in the following table.
:file_names 4;
    "N/A";
    "<interactive>";
    "testcount4r2m.v";
    "count4r2m.v";
